[2023-11-01 17:03:15,037] INFO Kafka Connect stopping (org.apache.kafka.connect.runtime.Connect:67)
[2023-11-01 17:03:15,058] INFO Stopping REST server (org.apache.kafka.connect.runtime.rest.RestServer:348)
[2023-11-01 17:03:15,080] INFO Stopped http_8083@78d6c244{HTTP/1.1, (http/1.1)}{0.0.0.0:8083} (org.eclipse.jetty.server.AbstractConnector:383)
[2023-11-01 17:03:15,081] INFO node0 Stopped scavenging (org.eclipse.jetty.server.session:149)
[2023-11-01 17:03:15,095] INFO REST server stopped (org.apache.kafka.connect.runtime.rest.RestServer:365)
[2023-11-01 17:03:15,095] INFO [Worker clientId=connect-1, groupId=connect-cluster] Herder stopping (org.apache.kafka.connect.runtime.distributed.DistributedHerder:806)
[2023-11-01 17:03:15,097] INFO [Worker clientId=connect-1, groupId=connect-cluster] Stopping connectors and tasks that are still assigned to this worker. (org.apache.kafka.connect.runtime.distributed.DistributedHerder:769)
[2023-11-01 17:03:15,097] INFO [Worker clientId=connect-1, groupId=connect-cluster] Member connect-1-b26f0b49-1c87-4372-9a85-89656a17e780 sending LeaveGroup request to coordinator localhost:9092 (id: 2147483647 rack: null) due to the consumer is being closed (org.apache.kafka.connect.runtime.distributed.WorkerCoordinator:1133)
[2023-11-01 17:03:15,100] INFO [Worker clientId=connect-1, groupId=connect-cluster] Resetting generation and member id due to: consumer pro-actively leaving the group (org.apache.kafka.connect.runtime.distributed.WorkerCoordinator:1025)
[2023-11-01 17:03:15,102] WARN [Worker clientId=connect-1, groupId=connect-cluster] Close timed out with 1 pending requests to coordinator, terminating client connections (org.apache.kafka.connect.runtime.distributed.WorkerCoordinator:1110)
[2023-11-01 17:03:15,102] INFO Metrics scheduler closed (org.apache.kafka.common.metrics.Metrics:693)
[2023-11-01 17:03:15,103] INFO Closing reporter org.apache.kafka.common.metrics.JmxReporter (org.apache.kafka.common.metrics.Metrics:697)
[2023-11-01 17:03:15,106] INFO Metrics reporters closed (org.apache.kafka.common.metrics.Metrics:703)
[2023-11-01 17:03:15,116] INFO App info kafka.connect for connect-1 unregistered (org.apache.kafka.common.utils.AppInfoParser:83)
[2023-11-01 17:03:15,116] INFO Stopping KafkaBasedLog for topic connect-status (org.apache.kafka.connect.util.KafkaBasedLog:292)
[2023-11-01 17:03:15,119] INFO [Producer clientId=connect-cluster-statuses] Closing the Kafka producer with timeoutMillis = 9223372036854775807 ms. (org.apache.kafka.clients.producer.KafkaProducer:1295)
[2023-11-01 17:03:15,126] INFO Metrics scheduler closed (org.apache.kafka.common.metrics.Metrics:693)
[2023-11-01 17:03:15,127] INFO Closing reporter org.apache.kafka.common.metrics.JmxReporter (org.apache.kafka.common.metrics.Metrics:697)
[2023-11-01 17:03:15,127] INFO Metrics reporters closed (org.apache.kafka.common.metrics.Metrics:703)
[2023-11-01 17:03:15,128] INFO App info kafka.producer for connect-cluster-statuses unregistered (org.apache.kafka.common.utils.AppInfoParser:83)
[2023-11-01 17:03:15,135] INFO [Consumer clientId=connect-cluster-statuses, groupId=connect-cluster] Resetting generation and member id due to: consumer pro-actively leaving the group (org.apache.kafka.clients.consumer.internals.ConsumerCoordinator:1025)
[2023-11-01 17:03:15,135] INFO [Consumer clientId=connect-cluster-statuses, groupId=connect-cluster] Request joining group due to: consumer pro-actively leaving the group (org.apache.kafka.clients.consumer.internals.ConsumerCoordinator:1072)
[2023-11-01 17:03:15,249] INFO Metrics scheduler closed (org.apache.kafka.common.metrics.Metrics:693)
[2023-11-01 17:03:15,252] INFO Closing reporter org.apache.kafka.common.metrics.JmxReporter (org.apache.kafka.common.metrics.Metrics:697)
[2023-11-01 17:03:15,252] INFO Metrics reporters closed (org.apache.kafka.common.metrics.Metrics:703)
[2023-11-01 17:03:15,257] INFO App info kafka.consumer for connect-cluster-statuses unregistered (org.apache.kafka.common.utils.AppInfoParser:83)
[2023-11-01 17:03:15,260] INFO Stopped KafkaBasedLog for topic connect-status (org.apache.kafka.connect.util.KafkaBasedLog:316)
[2023-11-01 17:03:15,261] INFO Closing KafkaConfigBackingStore (org.apache.kafka.connect.storage.KafkaConfigBackingStore:398)
[2023-11-01 17:03:15,265] INFO Stopping KafkaBasedLog for topic connect-configs (org.apache.kafka.connect.util.KafkaBasedLog:292)
[2023-11-01 17:03:15,266] INFO [Producer clientId=connect-cluster-configs] Closing the Kafka producer with timeoutMillis = 9223372036854775807 ms. (org.apache.kafka.clients.producer.KafkaProducer:1295)
[2023-11-01 17:03:15,269] INFO Metrics scheduler closed (org.apache.kafka.common.metrics.Metrics:693)
[2023-11-01 17:03:15,269] INFO Closing reporter org.apache.kafka.common.metrics.JmxReporter (org.apache.kafka.common.metrics.Metrics:697)
[2023-11-01 17:03:15,270] INFO Metrics reporters closed (org.apache.kafka.common.metrics.Metrics:703)
[2023-11-01 17:03:15,271] INFO App info kafka.producer for connect-cluster-configs unregistered (org.apache.kafka.common.utils.AppInfoParser:83)
[2023-11-01 17:03:15,271] INFO [Consumer clientId=connect-cluster-configs, groupId=connect-cluster] Resetting generation and member id due to: consumer pro-actively leaving the group (org.apache.kafka.clients.consumer.internals.ConsumerCoordinator:1025)
[2023-11-01 17:03:15,271] INFO [Consumer clientId=connect-cluster-configs, groupId=connect-cluster] Request joining group due to: consumer pro-actively leaving the group (org.apache.kafka.clients.consumer.internals.ConsumerCoordinator:1072)
[2023-11-01 17:03:15,745] INFO Metrics scheduler closed (org.apache.kafka.common.metrics.Metrics:693)
[2023-11-01 17:03:15,745] INFO Closing reporter org.apache.kafka.common.metrics.JmxReporter (org.apache.kafka.common.metrics.Metrics:697)
[2023-11-01 17:03:15,745] INFO Metrics reporters closed (org.apache.kafka.common.metrics.Metrics:703)
[2023-11-01 17:03:15,751] INFO App info kafka.consumer for connect-cluster-configs unregistered (org.apache.kafka.common.utils.AppInfoParser:83)
[2023-11-01 17:03:15,751] INFO Stopped KafkaBasedLog for topic connect-configs (org.apache.kafka.connect.util.KafkaBasedLog:316)
[2023-11-01 17:03:15,751] INFO Closed KafkaConfigBackingStore (org.apache.kafka.connect.storage.KafkaConfigBackingStore:404)
[2023-11-01 17:03:15,751] INFO Worker stopping (org.apache.kafka.connect.runtime.Worker:247)
[2023-11-01 17:03:15,759] INFO Stopping KafkaOffsetBackingStore (org.apache.kafka.connect.storage.KafkaOffsetBackingStore:269)
[2023-11-01 17:03:15,759] INFO Stopping KafkaBasedLog for topic connect-offsets (org.apache.kafka.connect.util.KafkaBasedLog:292)
[2023-11-01 17:03:15,761] INFO [Producer clientId=connect-cluster-offsets] Closing the Kafka producer with timeoutMillis = 9223372036854775807 ms. (org.apache.kafka.clients.producer.KafkaProducer:1295)
[2023-11-01 17:03:15,765] INFO Metrics scheduler closed (org.apache.kafka.common.metrics.Metrics:693)
[2023-11-01 17:03:15,766] INFO Closing reporter org.apache.kafka.common.metrics.JmxReporter (org.apache.kafka.common.metrics.Metrics:697)
[2023-11-01 17:03:15,766] INFO Metrics reporters closed (org.apache.kafka.common.metrics.Metrics:703)
[2023-11-01 17:03:15,769] INFO App info kafka.producer for connect-cluster-offsets unregistered (org.apache.kafka.common.utils.AppInfoParser:83)
[2023-11-01 17:03:15,770] INFO [Consumer clientId=connect-cluster-offsets, groupId=connect-cluster] Resetting generation and member id due to: consumer pro-actively leaving the group (org.apache.kafka.clients.consumer.internals.ConsumerCoordinator:1025)
[2023-11-01 17:03:15,771] INFO [Consumer clientId=connect-cluster-offsets, groupId=connect-cluster] Request joining group due to: consumer pro-actively leaving the group (org.apache.kafka.clients.consumer.internals.ConsumerCoordinator:1072)
[2023-11-01 17:03:16,253] INFO Metrics scheduler closed (org.apache.kafka.common.metrics.Metrics:693)
[2023-11-01 17:03:16,259] INFO Closing reporter org.apache.kafka.common.metrics.JmxReporter (org.apache.kafka.common.metrics.Metrics:697)
[2023-11-01 17:03:16,259] INFO Metrics reporters closed (org.apache.kafka.common.metrics.Metrics:703)
[2023-11-01 17:03:16,261] INFO App info kafka.consumer for connect-cluster-offsets unregistered (org.apache.kafka.common.utils.AppInfoParser:83)
[2023-11-01 17:03:16,262] INFO Stopped KafkaBasedLog for topic connect-offsets (org.apache.kafka.connect.util.KafkaBasedLog:316)
[2023-11-01 17:03:16,262] INFO Stopped KafkaOffsetBackingStore (org.apache.kafka.connect.storage.KafkaOffsetBackingStore:277)
[2023-11-01 17:03:16,262] INFO Metrics scheduler closed (org.apache.kafka.common.metrics.Metrics:693)
[2023-11-01 17:03:16,262] INFO Closing reporter org.apache.kafka.common.metrics.JmxReporter (org.apache.kafka.common.metrics.Metrics:697)
[2023-11-01 17:03:16,262] INFO Metrics reporters closed (org.apache.kafka.common.metrics.Metrics:703)
[2023-11-01 17:03:16,264] INFO App info kafka.connect for 192.168.10.77:8083 unregistered (org.apache.kafka.common.utils.AppInfoParser:83)
[2023-11-01 17:03:16,264] INFO Worker stopped (org.apache.kafka.connect.runtime.Worker:268)
[2023-11-01 17:03:16,270] INFO App info kafka.admin.client for connect-cluster-shared-admin unregistered (org.apache.kafka.common.utils.AppInfoParser:83)
[2023-11-01 17:03:16,272] INFO Metrics scheduler closed (org.apache.kafka.common.metrics.Metrics:693)
[2023-11-01 17:03:16,272] INFO Closing reporter org.apache.kafka.common.metrics.JmxReporter (org.apache.kafka.common.metrics.Metrics:697)
[2023-11-01 17:03:16,273] INFO Metrics reporters closed (org.apache.kafka.common.metrics.Metrics:703)
[2023-11-01 17:03:16,273] INFO [Worker clientId=connect-1, groupId=connect-cluster] Herder stopped (org.apache.kafka.connect.runtime.distributed.DistributedHerder:376)
[2023-11-01 17:03:16,275] INFO [Worker clientId=connect-1, groupId=connect-cluster] Herder stopped (org.apache.kafka.connect.runtime.distributed.DistributedHerder:813)
[2023-11-01 17:03:16,275] INFO Kafka Connect stopped (org.apache.kafka.connect.runtime.Connect:72)
